{"/home/inarib/WebstormProjects/stats_calc/DescStats.js": {"path":"/home/inarib/WebstormProjects/stats_calc/DescStats.js","statementMap":{"0":{"start":{"line":1,"column":19},"end":{"line":1,"column":41}},"1":{"start":{"line":2,"column":17},"end":{"line":2,"column":37}},"2":{"start":{"line":3,"column":18},"end":{"line":3,"column":34}},"3":{"start":{"line":9,"column":18},"end":{"line":9,"column":34}},"4":{"start":{"line":10,"column":24},"end":{"line":10,"column":37}},"5":{"start":{"line":11,"column":8},"end":{"line":11,"column":43}},"6":{"start":{"line":14,"column":8},"end":{"line":14,"column":39}},"7":{"start":{"line":17,"column":8},"end":{"line":17,"column":37}},"8":{"start":{"line":20,"column":8},"end":{"line":20,"column":41}},"9":{"start":{"line":23,"column":8},"end":{"line":23,"column":48}},"10":{"start":{"line":26,"column":8},"end":{"line":26,"column":41}},"11":{"start":{"line":29,"column":8},"end":{"line":29,"column":69}},"12":{"start":{"line":32,"column":8},"end":{"line":32,"column":42}},"13":{"start":{"line":35,"column":8},"end":{"line":35,"column":43}},"14":{"start":{"line":38,"column":8},"end":{"line":38,"column":49}},"15":{"start":{"line":42,"column":21},"end":{"line":42,"column":76}},"16":{"start":{"line":43,"column":8},"end":{"line":43,"column":22}},"17":{"start":{"line":46,"column":19},"end":{"line":46,"column":36}},"18":{"start":{"line":47,"column":20},"end":{"line":47,"column":22}},"19":{"start":{"line":48,"column":8},"end":{"line":50,"column":9}},"20":{"start":{"line":48,"column":21},"end":{"line":48,"column":38}},"21":{"start":{"line":49,"column":12},"end":{"line":49,"column":51}},"22":{"start":{"line":51,"column":8},"end":{"line":51,"column":32}},"23":{"start":{"line":55,"column":0},"end":{"line":55,"column":28}}},"fnMap":{"0":{"name":"(anonymous_0)","decl":{"start":{"line":8,"column":4},"end":{"line":8,"column":5}},"loc":{"start":{"line":8,"column":17},"end":{"line":12,"column":5}},"line":8},"1":{"name":"(anonymous_1)","decl":{"start":{"line":13,"column":4},"end":{"line":13,"column":5}},"loc":{"start":{"line":13,"column":19},"end":{"line":15,"column":5}},"line":13},"2":{"name":"(anonymous_2)","decl":{"start":{"line":16,"column":4},"end":{"line":16,"column":5}},"loc":{"start":{"line":16,"column":17},"end":{"line":18,"column":5}},"line":16},"3":{"name":"(anonymous_3)","decl":{"start":{"line":19,"column":4},"end":{"line":19,"column":5}},"loc":{"start":{"line":19,"column":21},"end":{"line":21,"column":5}},"line":19},"4":{"name":"(anonymous_4)","decl":{"start":{"line":22,"column":4},"end":{"line":22,"column":5}},"loc":{"start":{"line":22,"column":21},"end":{"line":24,"column":5}},"line":22},"5":{"name":"(anonymous_5)","decl":{"start":{"line":25,"column":4},"end":{"line":25,"column":5}},"loc":{"start":{"line":25,"column":29},"end":{"line":27,"column":5}},"line":25},"6":{"name":"(anonymous_6)","decl":{"start":{"line":28,"column":4},"end":{"line":28,"column":5}},"loc":{"start":{"line":28,"column":21},"end":{"line":30,"column":5}},"line":28},"7":{"name":"(anonymous_7)","decl":{"start":{"line":31,"column":4},"end":{"line":31,"column":5}},"loc":{"start":{"line":31,"column":29},"end":{"line":33,"column":5}},"line":31},"8":{"name":"(anonymous_8)","decl":{"start":{"line":34,"column":4},"end":{"line":34,"column":5}},"loc":{"start":{"line":34,"column":30},"end":{"line":36,"column":5}},"line":34},"9":{"name":"(anonymous_9)","decl":{"start":{"line":37,"column":4},"end":{"line":37,"column":5}},"loc":{"start":{"line":37,"column":37},"end":{"line":39,"column":5}},"line":37},"10":{"name":"(anonymous_10)","decl":{"start":{"line":41,"column":4},"end":{"line":41,"column":5}},"loc":{"start":{"line":41,"column":31},"end":{"line":44,"column":5}},"line":41},"11":{"name":"(anonymous_11)","decl":{"start":{"line":45,"column":4},"end":{"line":45,"column":5}},"loc":{"start":{"line":45,"column":20},"end":{"line":52,"column":5}},"line":45}},"branchMap":{},"s":{"0":2,"1":2,"2":2,"3":5,"4":5,"5":5,"6":2,"7":1,"8":4,"9":3,"10":1,"11":1,"12":0,"13":1,"14":1,"15":1,"16":1,"17":1,"18":1,"19":1,"20":1,"21":12,"22":1,"23":2},"f":{"0":5,"1":2,"2":1,"3":4,"4":3,"5":1,"6":1,"7":0,"8":1,"9":1,"10":1,"11":1},"b":{},"_coverageSchema":"1a1c01bbd47fc00a2c39e90264f33305004495a9","hash":"0601277e199378af4dc093363c0db67319498074"}
,"/home/inarib/WebstormProjects/stats_calc/MathOperations.js": {"path":"/home/inarib/WebstormProjects/stats_calc/MathOperations.js","statementMap":{"0":{"start":{"line":1,"column":12},"end":{"line":1,"column":28}},"1":{"start":{"line":2,"column":17},"end":{"line":2,"column":38}},"2":{"start":{"line":3,"column":15},"end":{"line":3,"column":34}},"3":{"start":{"line":4,"column":17},"end":{"line":4,"column":41}},"4":{"start":{"line":5,"column":15},"end":{"line":5,"column":37}},"5":{"start":{"line":6,"column":13},"end":{"line":6,"column":33}},"6":{"start":{"line":10,"column":8},"end":{"line":14,"column":9}},"7":{"start":{"line":11,"column":12},"end":{"line":11,"column":30}},"8":{"start":{"line":13,"column":12},"end":{"line":13,"column":32}},"9":{"start":{"line":17,"column":8},"end":{"line":17,"column":29}},"10":{"start":{"line":20,"column":8},"end":{"line":20,"column":27}},"11":{"start":{"line":23,"column":8},"end":{"line":23,"column":29}},"12":{"start":{"line":26,"column":8},"end":{"line":26,"column":23}},"13":{"start":{"line":29,"column":8},"end":{"line":29,"column":25}},"14":{"start":{"line":33,"column":0},"end":{"line":33,"column":32}}},"fnMap":{"0":{"name":"(anonymous_0)","decl":{"start":{"line":9,"column":4},"end":{"line":9,"column":5}},"loc":{"start":{"line":9,"column":35},"end":{"line":15,"column":5}},"line":9},"1":{"name":"(anonymous_1)","decl":{"start":{"line":16,"column":4},"end":{"line":16,"column":5}},"loc":{"start":{"line":16,"column":24},"end":{"line":18,"column":5}},"line":16},"2":{"name":"(anonymous_2)","decl":{"start":{"line":19,"column":4},"end":{"line":19,"column":5}},"loc":{"start":{"line":19,"column":25},"end":{"line":21,"column":5}},"line":19},"3":{"name":"(anonymous_3)","decl":{"start":{"line":22,"column":4},"end":{"line":22,"column":5}},"loc":{"start":{"line":22,"column":27},"end":{"line":24,"column":5}},"line":22},"4":{"name":"(anonymous_4)","decl":{"start":{"line":25,"column":4},"end":{"line":25,"column":5}},"loc":{"start":{"line":25,"column":21},"end":{"line":27,"column":5}},"line":25},"5":{"name":"(anonymous_5)","decl":{"start":{"line":28,"column":4},"end":{"line":28,"column":5}},"loc":{"start":{"line":28,"column":21},"end":{"line":30,"column":5}},"line":28}},"branchMap":{"0":{"loc":{"start":{"line":9,"column":15},"end":{"line":9,"column":23}},"type":"default-arg","locations":[{"start":{"line":9,"column":19},"end":{"line":9,"column":23}}],"line":9},"1":{"loc":{"start":{"line":9,"column":25},"end":{"line":9,"column":33}},"type":"default-arg","locations":[{"start":{"line":9,"column":29},"end":{"line":9,"column":33}}],"line":9},"2":{"loc":{"start":{"line":10,"column":8},"end":{"line":14,"column":9}},"type":"if","locations":[{"start":{"line":10,"column":8},"end":{"line":14,"column":9}},{"start":{"line":10,"column":8},"end":{"line":14,"column":9}}],"line":10}},"s":{"0":3,"1":3,"2":3,"3":3,"4":3,"5":3,"6":9,"7":5,"8":4,"9":10,"10":17,"11":5,"12":8,"13":3,"14":3},"f":{"0":9,"1":10,"2":17,"3":5,"4":8,"5":3},"b":{"0":[0],"1":[5],"2":[5,4]},"_coverageSchema":"1a1c01bbd47fc00a2c39e90264f33305004495a9","hash":"e5eb4fa8094779d41d5ed1fd7f92f75bf904a762"}
,"/home/inarib/WebstormProjects/stats_calc/PopulationSampling.js": {"path":"/home/inarib/WebstormProjects/stats_calc/PopulationSampling.js","statementMap":{"0":{"start":{"line":1,"column":19},"end":{"line":1,"column":41}},"1":{"start":{"line":2,"column":15},"end":{"line":2,"column":37}},"2":{"start":{"line":3,"column":18},"end":{"line":3,"column":34}},"3":{"start":{"line":8,"column":8},"end":{"line":8,"column":29}},"4":{"start":{"line":9,"column":8},"end":{"line":9,"column":30}},"5":{"start":{"line":10,"column":8},"end":{"line":10,"column":65}},"6":{"start":{"line":13,"column":19},"end":{"line":13,"column":34}},"7":{"start":{"line":13,"column":40},"end":{"line":13,"column":53}},"8":{"start":{"line":13,"column":61},"end":{"line":13,"column":69}},"9":{"start":{"line":14,"column":8},"end":{"line":19,"column":9}},"10":{"start":{"line":15,"column":12},"end":{"line":15,"column":56}},"11":{"start":{"line":16,"column":12},"end":{"line":16,"column":31}},"12":{"start":{"line":17,"column":12},"end":{"line":17,"column":34}},"13":{"start":{"line":18,"column":12},"end":{"line":18,"column":27}},"14":{"start":{"line":20,"column":8},"end":{"line":20,"column":31}},"15":{"start":{"line":23,"column":16},"end":{"line":23,"column":60}},"16":{"start":{"line":24,"column":18},"end":{"line":24,"column":19}},"17":{"start":{"line":25,"column":23},"end":{"line":25,"column":25}},"18":{"start":{"line":26,"column":8},"end":{"line":29,"column":9}},"19":{"start":{"line":26,"column":20},"end":{"line":26,"column":21}},"20":{"start":{"line":27,"column":12},"end":{"line":27,"column":40}},"21":{"start":{"line":28,"column":12},"end":{"line":28,"column":21}},"22":{"start":{"line":30,"column":8},"end":{"line":30,"column":24}},"23":{"start":{"line":34,"column":21},"end":{"line":34,"column":33}},"24":{"start":{"line":35,"column":8},"end":{"line":35,"column":98}},"25":{"start":{"line":39,"column":18},"end":{"line":39,"column":20}},"26":{"start":{"line":40,"column":8},"end":{"line":40,"column":78}},"27":{"start":{"line":41,"column":8},"end":{"line":41,"column":73}},"28":{"start":{"line":42,"column":8},"end":{"line":42,"column":19}},"29":{"start":{"line":46,"column":16},"end":{"line":46,"column":25}},"30":{"start":{"line":46,"column":31},"end":{"line":46,"column":42}},"31":{"start":{"line":46,"column":49},"end":{"line":46,"column":59}},"32":{"start":{"line":46,"column":66},"end":{"line":46,"column":77}},"33":{"start":{"line":47,"column":15},"end":{"line":47,"column":25}},"34":{"start":{"line":47,"column":32},"end":{"line":47,"column":42}},"35":{"start":{"line":47,"column":48},"end":{"line":47,"column":59}},"36":{"start":{"line":47,"column":68},"end":{"line":47,"column":77}},"37":{"start":{"line":48,"column":15},"end":{"line":48,"column":25}},"38":{"start":{"line":48,"column":32},"end":{"line":48,"column":42}},"39":{"start":{"line":48,"column":50},"end":{"line":48,"column":59}},"40":{"start":{"line":48,"column":68},"end":{"line":48,"column":77}},"41":{"start":{"line":49,"column":16},"end":{"line":49,"column":25}},"42":{"start":{"line":49,"column":33},"end":{"line":49,"column":42}},"43":{"start":{"line":51,"column":8},"end":{"line":57,"column":9}},"44":{"start":{"line":52,"column":12},"end":{"line":52,"column":42}},"45":{"start":{"line":53,"column":12},"end":{"line":53,"column":54}},"46":{"start":{"line":55,"column":12},"end":{"line":55,"column":18}},"47":{"start":{"line":56,"column":12},"end":{"line":56,"column":70}},"48":{"start":{"line":58,"column":8},"end":{"line":58,"column":17}},"49":{"start":{"line":64,"column":8},"end":{"line":88,"column":9}},"50":{"start":{"line":65,"column":12},"end":{"line":65,"column":20}},"51":{"start":{"line":67,"column":12},"end":{"line":67,"column":34}},"52":{"start":{"line":68,"column":12},"end":{"line":87,"column":13}},"53":{"start":{"line":69,"column":16},"end":{"line":69,"column":24}},"54":{"start":{"line":70,"column":19},"end":{"line":87,"column":13}},"55":{"start":{"line":71,"column":16},"end":{"line":71,"column":26}},"56":{"start":{"line":72,"column":16},"end":{"line":76,"column":70}},"57":{"start":{"line":78,"column":16},"end":{"line":78,"column":25}},"58":{"start":{"line":79,"column":16},"end":{"line":86,"column":59}},"59":{"start":{"line":89,"column":8},"end":{"line":89,"column":63}},"60":{"start":{"line":92,"column":24},"end":{"line":92,"column":32}},"61":{"start":{"line":93,"column":19},"end":{"line":93,"column":21}},"62":{"start":{"line":94,"column":19},"end":{"line":94,"column":20}},"63":{"start":{"line":95,"column":19},"end":{"line":95,"column":22}},"64":{"start":{"line":97,"column":8},"end":{"line":97,"column":30}},"65":{"start":{"line":97,"column":22},"end":{"line":97,"column":30}},"66":{"start":{"line":98,"column":8},"end":{"line":98,"column":30}},"67":{"start":{"line":98,"column":22},"end":{"line":98,"column":30}},"68":{"start":{"line":100,"column":8},"end":{"line":108,"column":9}},"69":{"start":{"line":101,"column":12},"end":{"line":101,"column":34}},"70":{"start":{"line":102,"column":12},"end":{"line":106,"column":13}},"71":{"start":{"line":103,"column":16},"end":{"line":103,"column":28}},"72":{"start":{"line":105,"column":16},"end":{"line":105,"column":28}},"73":{"start":{"line":107,"column":12},"end":{"line":107,"column":41}},"74":{"start":{"line":109,"column":8},"end":{"line":109,"column":47}},"75":{"start":{"line":110,"column":8},"end":{"line":110,"column":21}},"76":{"start":{"line":114,"column":8},"end":{"line":114,"column":75}},"77":{"start":{"line":118,"column":16},"end":{"line":118,"column":45}},"78":{"start":{"line":119,"column":16},"end":{"line":119,"column":35}},"79":{"start":{"line":120,"column":17},"end":{"line":120,"column":36}},"80":{"start":{"line":121,"column":16},"end":{"line":121,"column":40}},"81":{"start":{"line":122,"column":8},"end":{"line":122,"column":84}},"82":{"start":{"line":125,"column":18},"end":{"line":125,"column":20}},"83":{"start":{"line":126,"column":8},"end":{"line":126,"column":75}},"84":{"start":{"line":127,"column":8},"end":{"line":127,"column":70}},"85":{"start":{"line":128,"column":8},"end":{"line":128,"column":19}},"86":{"start":{"line":131,"column":18},"end":{"line":131,"column":20}},"87":{"start":{"line":132,"column":8},"end":{"line":132,"column":75}},"88":{"start":{"line":133,"column":8},"end":{"line":133,"column":70}},"89":{"start":{"line":134,"column":8},"end":{"line":134,"column":19}},"90":{"start":{"line":138,"column":0},"end":{"line":138,"column":26}}},"fnMap":{"0":{"name":"(anonymous_0)","decl":{"start":{"line":7,"column":4},"end":{"line":7,"column":5}},"loc":{"start":{"line":7,"column":23},"end":{"line":11,"column":5}},"line":7},"1":{"name":"(anonymous_1)","decl":{"start":{"line":12,"column":4},"end":{"line":12,"column":5}},"loc":{"start":{"line":12,"column":30},"end":{"line":21,"column":5}},"line":12},"2":{"name":"(anonymous_2)","decl":{"start":{"line":22,"column":4},"end":{"line":22,"column":5}},"loc":{"start":{"line":22,"column":30},"end":{"line":31,"column":5}},"line":22},"3":{"name":"(anonymous_3)","decl":{"start":{"line":33,"column":4},"end":{"line":33,"column":5}},"loc":{"start":{"line":33,"column":37},"end":{"line":36,"column":5}},"line":33},"4":{"name":"(anonymous_4)","decl":{"start":{"line":38,"column":4},"end":{"line":38,"column":5}},"loc":{"start":{"line":38,"column":47},"end":{"line":43,"column":5}},"line":38},"5":{"name":"(anonymous_5)","decl":{"start":{"line":45,"column":4},"end":{"line":45,"column":5}},"loc":{"start":{"line":45,"column":20},"end":{"line":59,"column":5}},"line":45},"6":{"name":"(anonymous_6)","decl":{"start":{"line":60,"column":4},"end":{"line":60,"column":5}},"loc":{"start":{"line":60,"column":11},"end":{"line":90,"column":5}},"line":60},"7":{"name":"(anonymous_7)","decl":{"start":{"line":91,"column":4},"end":{"line":91,"column":5}},"loc":{"start":{"line":91,"column":13},"end":{"line":111,"column":5}},"line":91},"8":{"name":"(anonymous_8)","decl":{"start":{"line":113,"column":4},"end":{"line":113,"column":5}},"loc":{"start":{"line":113,"column":39},"end":{"line":115,"column":5}},"line":113},"9":{"name":"(anonymous_9)","decl":{"start":{"line":117,"column":4},"end":{"line":117,"column":5}},"loc":{"start":{"line":117,"column":54},"end":{"line":123,"column":5}},"line":117},"10":{"name":"(anonymous_10)","decl":{"start":{"line":124,"column":4},"end":{"line":124,"column":5}},"loc":{"start":{"line":124,"column":42},"end":{"line":129,"column":5}},"line":124},"11":{"name":"(anonymous_11)","decl":{"start":{"line":130,"column":4},"end":{"line":130,"column":5}},"loc":{"start":{"line":130,"column":40},"end":{"line":135,"column":5}},"line":130}},"branchMap":{"0":{"loc":{"start":{"line":51,"column":8},"end":{"line":57,"column":9}},"type":"if","locations":[{"start":{"line":51,"column":8},"end":{"line":57,"column":9}},{"start":{"line":51,"column":8},"end":{"line":57,"column":9}}],"line":51},"1":{"loc":{"start":{"line":64,"column":8},"end":{"line":88,"column":9}},"type":"if","locations":[{"start":{"line":64,"column":8},"end":{"line":88,"column":9}},{"start":{"line":64,"column":8},"end":{"line":88,"column":9}}],"line":64},"2":{"loc":{"start":{"line":68,"column":12},"end":{"line":87,"column":13}},"type":"if","locations":[{"start":{"line":68,"column":12},"end":{"line":87,"column":13}},{"start":{"line":68,"column":12},"end":{"line":87,"column":13}}],"line":68},"3":{"loc":{"start":{"line":70,"column":19},"end":{"line":87,"column":13}},"type":"if","locations":[{"start":{"line":70,"column":19},"end":{"line":87,"column":13}},{"start":{"line":70,"column":19},"end":{"line":87,"column":13}}],"line":70},"4":{"loc":{"start":{"line":89,"column":15},"end":{"line":89,"column":62}},"type":"cond-expr","locations":[{"start":{"line":89,"column":26},"end":{"line":89,"column":41}},{"start":{"line":89,"column":46},"end":{"line":89,"column":61}}],"line":89},"5":{"loc":{"start":{"line":97,"column":8},"end":{"line":97,"column":30}},"type":"if","locations":[{"start":{"line":97,"column":8},"end":{"line":97,"column":30}},{"start":{"line":97,"column":8},"end":{"line":97,"column":30}}],"line":97},"6":{"loc":{"start":{"line":98,"column":8},"end":{"line":98,"column":30}},"type":"if","locations":[{"start":{"line":98,"column":8},"end":{"line":98,"column":30}},{"start":{"line":98,"column":8},"end":{"line":98,"column":30}}],"line":98},"7":{"loc":{"start":{"line":102,"column":12},"end":{"line":106,"column":13}},"type":"if","locations":[{"start":{"line":102,"column":12},"end":{"line":106,"column":13}},{"start":{"line":102,"column":12},"end":{"line":106,"column":13}}],"line":102}},"s":{"0":1,"1":1,"2":1,"3":0,"4":0,"5":0,"6":2,"7":2,"8":2,"9":2,"10":6,"11":6,"12":6,"13":6,"14":2,"15":1,"16":1,"17":1,"18":1,"19":1,"20":3,"21":3,"22":1,"23":1,"24":1,"25":1,"26":1,"27":1,"28":1,"29":0,"30":0,"31":0,"32":0,"33":0,"34":0,"35":0,"36":0,"37":0,"38":0,"39":0,"40":0,"41":0,"42":0,"43":0,"44":0,"45":0,"46":0,"47":0,"48":0,"49":0,"50":0,"51":0,"52":0,"53":0,"54":0,"55":0,"56":0,"57":0,"58":0,"59":0,"60":0,"61":0,"62":0,"63":0,"64":0,"65":0,"66":0,"67":0,"68":0,"69":0,"70":0,"71":0,"72":0,"73":0,"74":0,"75":0,"76":7,"77":1,"78":1,"79":1,"80":1,"81":1,"82":1,"83":1,"84":1,"85":1,"86":1,"87":1,"88":1,"89":1,"90":1},"f":{"0":0,"1":2,"2":1,"3":1,"4":1,"5":0,"6":0,"7":0,"8":7,"9":1,"10":1,"11":1},"b":{"0":[0,0],"1":[0,0],"2":[0,0],"3":[0,0],"4":[0,0],"5":[0,0],"6":[0,0],"7":[0,0]},"_coverageSchema":"1a1c01bbd47fc00a2c39e90264f33305004495a9","hash":"d9108592f7fe865336928d3d316c40b3f828493f"}
,"/home/inarib/WebstormProjects/stats_calc/Seeds.js": {"path":"/home/inarib/WebstormProjects/stats_calc/Seeds.js","statementMap":{"0":{"start":{"line":1,"column":19},"end":{"line":1,"column":40}},"1":{"start":{"line":4,"column":8},"end":{"line":4,"column":65}},"2":{"start":{"line":8,"column":8},"end":{"line":8,"column":49}},"3":{"start":{"line":12,"column":18},"end":{"line":12,"column":34}},"4":{"start":{"line":13,"column":8},"end":{"line":13,"column":57}},"5":{"start":{"line":17,"column":18},"end":{"line":17,"column":34}},"6":{"start":{"line":18,"column":8},"end":{"line":18,"column":41}},"7":{"start":{"line":22,"column":18},"end":{"line":22,"column":20}},"8":{"start":{"line":23,"column":18},"end":{"line":23,"column":34}},"9":{"start":{"line":24,"column":8},"end":{"line":26,"column":9}},"10":{"start":{"line":24,"column":21},"end":{"line":24,"column":22}},"11":{"start":{"line":25,"column":12},"end":{"line":25,"column":54}},"12":{"start":{"line":27,"column":8},"end":{"line":27,"column":19}},"13":{"start":{"line":31,"column":18},"end":{"line":31,"column":20}},"14":{"start":{"line":32,"column":18},"end":{"line":32,"column":34}},"15":{"start":{"line":33,"column":8},"end":{"line":35,"column":9}},"16":{"start":{"line":33,"column":21},"end":{"line":33,"column":22}},"17":{"start":{"line":34,"column":12},"end":{"line":34,"column":56}},"18":{"start":{"line":36,"column":8},"end":{"line":36,"column":19}},"19":{"start":{"line":40,"column":18},"end":{"line":40,"column":54}},"20":{"start":{"line":41,"column":8},"end":{"line":41,"column":24}},"21":{"start":{"line":45,"column":18},"end":{"line":45,"column":58}},"22":{"start":{"line":46,"column":8},"end":{"line":46,"column":24}},"23":{"start":{"line":50,"column":19},"end":{"line":50,"column":21}},"24":{"start":{"line":51,"column":8},"end":{"line":55,"column":9}},"25":{"start":{"line":51,"column":21},"end":{"line":51,"column":22}},"26":{"start":{"line":52,"column":23},"end":{"line":52,"column":59}},"27":{"start":{"line":53,"column":12},"end":{"line":53,"column":32}},"28":{"start":{"line":54,"column":12},"end":{"line":54,"column":32}},"29":{"start":{"line":56,"column":8},"end":{"line":56,"column":20}},"30":{"start":{"line":60,"column":19},"end":{"line":60,"column":21}},"31":{"start":{"line":61,"column":18},"end":{"line":61,"column":34}},"32":{"start":{"line":62,"column":8},"end":{"line":66,"column":9}},"33":{"start":{"line":62,"column":21},"end":{"line":62,"column":22}},"34":{"start":{"line":63,"column":23},"end":{"line":63,"column":64}},"35":{"start":{"line":64,"column":12},"end":{"line":64,"column":32}},"36":{"start":{"line":65,"column":12},"end":{"line":65,"column":32}},"37":{"start":{"line":67,"column":8},"end":{"line":67,"column":20}},"38":{"start":{"line":70,"column":0},"end":{"line":70,"column":23}}},"fnMap":{"0":{"name":"(anonymous_0)","decl":{"start":{"line":3,"column":4},"end":{"line":3,"column":5}},"loc":{"start":{"line":3,"column":34},"end":{"line":5,"column":5}},"line":3},"1":{"name":"(anonymous_1)","decl":{"start":{"line":7,"column":4},"end":{"line":7,"column":5}},"loc":{"start":{"line":7,"column":36},"end":{"line":9,"column":5}},"line":7},"2":{"name":"(anonymous_2)","decl":{"start":{"line":11,"column":4},"end":{"line":11,"column":5}},"loc":{"start":{"line":11,"column":38},"end":{"line":14,"column":5}},"line":11},"3":{"name":"(anonymous_3)","decl":{"start":{"line":16,"column":4},"end":{"line":16,"column":5}},"loc":{"start":{"line":16,"column":40},"end":{"line":19,"column":5}},"line":16},"4":{"name":"(anonymous_4)","decl":{"start":{"line":21,"column":4},"end":{"line":21,"column":5}},"loc":{"start":{"line":21,"column":48},"end":{"line":28,"column":5}},"line":21},"5":{"name":"(anonymous_5)","decl":{"start":{"line":30,"column":4},"end":{"line":30,"column":5}},"loc":{"start":{"line":30,"column":50},"end":{"line":37,"column":5}},"line":30},"6":{"name":"(anonymous_6)","decl":{"start":{"line":39,"column":4},"end":{"line":39,"column":5}},"loc":{"start":{"line":39,"column":30},"end":{"line":42,"column":5}},"line":39},"7":{"name":"(anonymous_7)","decl":{"start":{"line":44,"column":4},"end":{"line":44,"column":5}},"loc":{"start":{"line":44,"column":34},"end":{"line":47,"column":5}},"line":44},"8":{"name":"(anonymous_8)","decl":{"start":{"line":49,"column":4},"end":{"line":49,"column":5}},"loc":{"start":{"line":49,"column":37},"end":{"line":57,"column":5}},"line":49},"9":{"name":"(anonymous_9)","decl":{"start":{"line":59,"column":4},"end":{"line":59,"column":5}},"loc":{"start":{"line":59,"column":41},"end":{"line":68,"column":5}},"line":59}},"branchMap":{},"s":{"0":3,"1":105,"2":100,"3":1194,"4":1194,"5":5,"6":5,"7":18,"8":18,"9":18,"10":18,"11":1176,"12":18,"13":1,"14":1,"15":1,"16":1,"17":4,"18":1,"19":1,"20":1,"21":1,"22":1,"23":1,"24":1,"25":1,"26":4,"27":4,"28":4,"29":1,"30":1,"31":1,"32":1,"33":1,"34":4,"35":4,"36":4,"37":1,"38":3},"f":{"0":105,"1":100,"2":1194,"3":5,"4":18,"5":1,"6":1,"7":1,"8":1,"9":1},"b":{},"_coverageSchema":"1a1c01bbd47fc00a2c39e90264f33305004495a9","hash":"f25469d2e475f1620d3458bcd462fb6387807f38"}
,"/home/inarib/WebstormProjects/stats_calc/calculate.js": {"path":"/home/inarib/WebstormProjects/stats_calc/calculate.js","statementMap":{"0":{"start":{"line":1,"column":16},"end":{"line":1,"column":43}},"1":{"start":{"line":5,"column":8},"end":{"line":10,"column":9}},"2":{"start":{"line":6,"column":12},"end":{"line":6,"column":48}},"3":{"start":{"line":9,"column":12},"end":{"line":9,"column":51}},"4":{"start":{"line":13,"column":8},"end":{"line":13,"column":51}},"5":{"start":{"line":16,"column":8},"end":{"line":16,"column":50}},"6":{"start":{"line":19,"column":8},"end":{"line":19,"column":53}},"7":{"start":{"line":22,"column":8},"end":{"line":22,"column":49}},"8":{"start":{"line":25,"column":8},"end":{"line":25,"column":49}},"9":{"start":{"line":28,"column":0},"end":{"line":28,"column":27}}},"fnMap":{"0":{"name":"(anonymous_0)","decl":{"start":{"line":4,"column":4},"end":{"line":4,"column":5}},"loc":{"start":{"line":4,"column":28},"end":{"line":11,"column":5}},"line":4},"1":{"name":"(anonymous_1)","decl":{"start":{"line":12,"column":4},"end":{"line":12,"column":5}},"loc":{"start":{"line":12,"column":16},"end":{"line":14,"column":5}},"line":12},"2":{"name":"(anonymous_2)","decl":{"start":{"line":15,"column":4},"end":{"line":15,"column":5}},"loc":{"start":{"line":15,"column":18},"end":{"line":17,"column":5}},"line":15},"3":{"name":"(anonymous_3)","decl":{"start":{"line":18,"column":4},"end":{"line":18,"column":5}},"loc":{"start":{"line":18,"column":18},"end":{"line":20,"column":5}},"line":18},"4":{"name":"(anonymous_4)","decl":{"start":{"line":21,"column":4},"end":{"line":21,"column":5}},"loc":{"start":{"line":21,"column":14},"end":{"line":23,"column":5}},"line":21},"5":{"name":"(anonymous_5)","decl":{"start":{"line":24,"column":4},"end":{"line":24,"column":5}},"loc":{"start":{"line":24,"column":16},"end":{"line":26,"column":5}},"line":24}},"branchMap":{"0":{"loc":{"start":{"line":4,"column":8},"end":{"line":4,"column":16}},"type":"default-arg","locations":[{"start":{"line":4,"column":12},"end":{"line":4,"column":16}}],"line":4},"1":{"loc":{"start":{"line":4,"column":18},"end":{"line":4,"column":26}},"type":"default-arg","locations":[{"start":{"line":4,"column":22},"end":{"line":4,"column":26}}],"line":4},"2":{"loc":{"start":{"line":5,"column":8},"end":{"line":10,"column":9}},"type":"if","locations":[{"start":{"line":5,"column":8},"end":{"line":10,"column":9}},{"start":{"line":5,"column":8},"end":{"line":10,"column":9}}],"line":5}},"s":{"0":3,"1":9,"2":5,"3":4,"4":17,"5":10,"6":5,"7":8,"8":3,"9":3},"f":{"0":9,"1":17,"2":10,"3":5,"4":8,"5":3},"b":{"0":[0],"1":[5],"2":[5,4]},"_coverageSchema":"1a1c01bbd47fc00a2c39e90264f33305004495a9","hash":"34a5ba40f0d8b49c24fb849805954db17d3eac46"}
,"/home/inarib/WebstormProjects/stats_calc/divide.js": {"path":"/home/inarib/WebstormProjects/stats_calc/divide.js","statementMap":{"0":{"start":{"line":2,"column":4},"end":{"line":2,"column":17}},"1":{"start":{"line":4,"column":0},"end":{"line":4,"column":24}}},"fnMap":{"0":{"name":"divide","decl":{"start":{"line":1,"column":9},"end":{"line":1,"column":15}},"loc":{"start":{"line":1,"column":22},"end":{"line":3,"column":1}},"line":1}},"branchMap":{},"s":{"0":18,"1":4},"f":{"0":18},"b":{},"_coverageSchema":"1a1c01bbd47fc00a2c39e90264f33305004495a9","hash":"b0d0c5042917a972ae1d31dbb9652a99b759dff7"}
,"/home/inarib/WebstormProjects/stats_calc/multiply.js": {"path":"/home/inarib/WebstormProjects/stats_calc/multiply.js","statementMap":{"0":{"start":{"line":2,"column":4},"end":{"line":2,"column":17}},"1":{"start":{"line":4,"column":0},"end":{"line":4,"column":26}}},"fnMap":{"0":{"name":"multiply","decl":{"start":{"line":1,"column":9},"end":{"line":1,"column":17}},"loc":{"start":{"line":1,"column":24},"end":{"line":3,"column":1}},"line":1}},"branchMap":{},"s":{"0":11,"1":4},"f":{"0":11},"b":{},"_coverageSchema":"1a1c01bbd47fc00a2c39e90264f33305004495a9","hash":"c3f8935104559dc9d0a2122c26073c00c5b6f210"}
,"/home/inarib/WebstormProjects/stats_calc/root.js": {"path":"/home/inarib/WebstormProjects/stats_calc/root.js","statementMap":{"0":{"start":{"line":2,"column":4},"end":{"line":2,"column":24}},"1":{"start":{"line":4,"column":0},"end":{"line":4,"column":22}}},"fnMap":{"0":{"name":"root","decl":{"start":{"line":1,"column":9},"end":{"line":1,"column":13}},"loc":{"start":{"line":1,"column":17},"end":{"line":3,"column":1}},"line":1}},"branchMap":{},"s":{"0":9,"1":4},"f":{"0":9},"b":{},"_coverageSchema":"1a1c01bbd47fc00a2c39e90264f33305004495a9","hash":"fb0ad7133bd3aef3935fe613ae97433d415cb4fd"}
,"/home/inarib/WebstormProjects/stats_calc/square.js": {"path":"/home/inarib/WebstormProjects/stats_calc/square.js","statementMap":{"0":{"start":{"line":2,"column":4},"end":{"line":2,"column":17}},"1":{"start":{"line":4,"column":0},"end":{"line":4,"column":24}}},"fnMap":{"0":{"name":"square","decl":{"start":{"line":1,"column":9},"end":{"line":1,"column":15}},"loc":{"start":{"line":1,"column":19},"end":{"line":3,"column":1}},"line":1}},"branchMap":{},"s":{"0":4,"1":4},"f":{"0":4},"b":{},"_coverageSchema":"1a1c01bbd47fc00a2c39e90264f33305004495a9","hash":"bafbb54178e37e5322c89edfa17ffe9cc4d9a587"}
,"/home/inarib/WebstormProjects/stats_calc/subtract.js": {"path":"/home/inarib/WebstormProjects/stats_calc/subtract.js","statementMap":{"0":{"start":{"line":2,"column":4},"end":{"line":2,"column":17}},"1":{"start":{"line":4,"column":0},"end":{"line":4,"column":26}}},"fnMap":{"0":{"name":"subtract","decl":{"start":{"line":1,"column":9},"end":{"line":1,"column":17}},"loc":{"start":{"line":1,"column":24},"end":{"line":3,"column":1}},"line":1}},"branchMap":{},"s":{"0":6,"1":4},"f":{"0":6},"b":{},"_coverageSchema":"1a1c01bbd47fc00a2c39e90264f33305004495a9","hash":"af7ad978c333facc507b6872aba9dde10549b89f"}
,"/home/inarib/WebstormProjects/stats_calc/sum.js": {"path":"/home/inarib/WebstormProjects/stats_calc/sum.js","statementMap":{"0":{"start":{"line":3,"column":21},"end":{"line":3,"column":22}},"1":{"start":{"line":4,"column":8},"end":{"line":11,"column":9}},"2":{"start":{"line":5,"column":12},"end":{"line":7,"column":15}},"3":{"start":{"line":6,"column":16},"end":{"line":6,"column":47}},"4":{"start":{"line":10,"column":12},"end":{"line":10,"column":27}},"5":{"start":{"line":12,"column":8},"end":{"line":12,"column":22}},"6":{"start":{"line":16,"column":0},"end":{"line":16,"column":21}}},"fnMap":{"0":{"name":"(anonymous_0)","decl":{"start":{"line":2,"column":4},"end":{"line":2,"column":5}},"loc":{"start":{"line":2,"column":35},"end":{"line":13,"column":5}},"line":2},"1":{"name":"(anonymous_1)","decl":{"start":{"line":5,"column":22},"end":{"line":5,"column":23}},"loc":{"start":{"line":5,"column":38},"end":{"line":7,"column":13}},"line":5}},"branchMap":{"0":{"loc":{"start":{"line":2,"column":15},"end":{"line":2,"column":23}},"type":"default-arg","locations":[{"start":{"line":2,"column":19},"end":{"line":2,"column":23}}],"line":2},"1":{"loc":{"start":{"line":2,"column":25},"end":{"line":2,"column":33}},"type":"default-arg","locations":[{"start":{"line":2,"column":29},"end":{"line":2,"column":33}}],"line":2},"2":{"loc":{"start":{"line":4,"column":8},"end":{"line":11,"column":9}},"type":"if","locations":[{"start":{"line":4,"column":8},"end":{"line":11,"column":9}},{"start":{"line":4,"column":8},"end":{"line":11,"column":9}}],"line":4}},"s":{"0":64,"1":64,"2":6,"3":53,"4":58,"5":64,"6":4},"f":{"0":64,"1":53},"b":{"0":[0],"1":[6],"2":[6,58]},"_coverageSchema":"1a1c01bbd47fc00a2c39e90264f33305004495a9","hash":"de3182f846204e5dced424a234b4deca268534aa"}
}
