TN:
SF:DescStats.js
FN:8,(anonymous_0)
FN:13,(anonymous_1)
FN:16,(anonymous_2)
FN:19,(anonymous_3)
FN:22,(anonymous_4)
FN:25,(anonymous_5)
FN:28,(anonymous_6)
FN:31,(anonymous_7)
FN:34,(anonymous_8)
FN:37,(anonymous_9)
FN:41,(anonymous_10)
FN:45,(anonymous_11)
FNF:12
FNH:11
FNDA:5,(anonymous_0)
FNDA:2,(anonymous_1)
FNDA:1,(anonymous_2)
FNDA:4,(anonymous_3)
FNDA:3,(anonymous_4)
FNDA:1,(anonymous_5)
FNDA:1,(anonymous_6)
FNDA:0,(anonymous_7)
FNDA:1,(anonymous_8)
FNDA:1,(anonymous_9)
FNDA:1,(anonymous_10)
FNDA:1,(anonymous_11)
DA:1,2
DA:2,2
DA:3,2
DA:9,5
DA:10,5
DA:11,5
DA:14,2
DA:17,1
DA:20,4
DA:23,3
DA:26,1
DA:29,1
DA:32,0
DA:35,1
DA:38,1
DA:42,1
DA:43,1
DA:46,1
DA:47,1
DA:48,1
DA:49,12
DA:51,1
DA:55,2
LF:23
LH:22
BRF:0
BRH:0
end_of_record
TN:
SF:MathOperations.js
FN:9,(anonymous_0)
FN:16,(anonymous_1)
FN:19,(anonymous_2)
FN:22,(anonymous_3)
FN:25,(anonymous_4)
FN:28,(anonymous_5)
FNF:6
FNH:6
FNDA:9,(anonymous_0)
FNDA:10,(anonymous_1)
FNDA:17,(anonymous_2)
FNDA:5,(anonymous_3)
FNDA:8,(anonymous_4)
FNDA:3,(anonymous_5)
DA:1,3
DA:2,3
DA:3,3
DA:4,3
DA:5,3
DA:6,3
DA:10,9
DA:11,5
DA:13,4
DA:17,10
DA:20,17
DA:23,5
DA:26,8
DA:29,3
DA:33,3
LF:15
LH:15
BRDA:9,0,0,0
BRDA:9,1,0,5
BRDA:10,2,0,5
BRDA:10,2,1,4
BRF:4
BRH:3
end_of_record
TN:
SF:PopulationSampling.js
FN:7,(anonymous_0)
FN:12,(anonymous_1)
FN:22,(anonymous_2)
FN:33,(anonymous_3)
FN:38,(anonymous_4)
FN:45,(anonymous_5)
FN:60,(anonymous_6)
FN:91,(anonymous_7)
FN:113,(anonymous_8)
FN:117,(anonymous_9)
FN:124,(anonymous_10)
FN:130,(anonymous_11)
FNF:12
FNH:8
FNDA:0,(anonymous_0)
FNDA:2,(anonymous_1)
FNDA:1,(anonymous_2)
FNDA:1,(anonymous_3)
FNDA:1,(anonymous_4)
FNDA:0,(anonymous_5)
FNDA:0,(anonymous_6)
FNDA:0,(anonymous_7)
FNDA:7,(anonymous_8)
FNDA:1,(anonymous_9)
FNDA:1,(anonymous_10)
FNDA:1,(anonymous_11)
DA:1,1
DA:2,1
DA:3,1
DA:8,0
DA:9,0
DA:10,0
DA:13,2
DA:14,2
DA:15,6
DA:16,6
DA:17,6
DA:18,6
DA:20,2
DA:23,1
DA:24,1
DA:25,1
DA:26,1
DA:27,3
DA:28,3
DA:30,1
DA:34,1
DA:35,1
DA:39,1
DA:40,1
DA:41,1
DA:42,1
DA:46,0
DA:47,0
DA:48,0
DA:49,0
DA:51,0
DA:52,0
DA:53,0
DA:55,0
DA:56,0
DA:58,0
DA:64,0
DA:65,0
DA:67,0
DA:68,0
DA:69,0
DA:70,0
DA:71,0
DA:72,0
DA:78,0
DA:79,0
DA:89,0
DA:92,0
DA:93,0
DA:94,0
DA:95,0
DA:97,0
DA:98,0
DA:100,0
DA:101,0
DA:102,0
DA:103,0
DA:105,0
DA:107,0
DA:109,0
DA:110,0
DA:114,7
DA:118,1
DA:119,1
DA:120,1
DA:121,1
DA:122,1
DA:125,1
DA:126,1
DA:127,1
DA:128,1
DA:131,1
DA:132,1
DA:133,1
DA:134,1
DA:138,1
LF:76
LH:38
BRDA:51,0,0,0
BRDA:51,0,1,0
BRDA:64,1,0,0
BRDA:64,1,1,0
BRDA:68,2,0,0
BRDA:68,2,1,0
BRDA:70,3,0,0
BRDA:70,3,1,0
BRDA:89,4,0,0
BRDA:89,4,1,0
BRDA:97,5,0,0
BRDA:97,5,1,0
BRDA:98,6,0,0
BRDA:98,6,1,0
BRDA:102,7,0,0
BRDA:102,7,1,0
BRF:16
BRH:0
end_of_record
TN:
SF:Seeds.js
FN:3,(anonymous_0)
FN:7,(anonymous_1)
FN:11,(anonymous_2)
FN:16,(anonymous_3)
FN:21,(anonymous_4)
FN:30,(anonymous_5)
FN:39,(anonymous_6)
FN:44,(anonymous_7)
FN:49,(anonymous_8)
FN:59,(anonymous_9)
FNF:10
FNH:10
FNDA:105,(anonymous_0)
FNDA:100,(anonymous_1)
FNDA:1194,(anonymous_2)
FNDA:5,(anonymous_3)
FNDA:18,(anonymous_4)
FNDA:1,(anonymous_5)
FNDA:1,(anonymous_6)
FNDA:1,(anonymous_7)
FNDA:1,(anonymous_8)
FNDA:1,(anonymous_9)
DA:1,3
DA:4,105
DA:8,100
DA:12,1194
DA:13,1194
DA:17,5
DA:18,5
DA:22,18
DA:23,18
DA:24,18
DA:25,1176
DA:27,18
DA:31,1
DA:32,1
DA:33,1
DA:34,4
DA:36,1
DA:40,1
DA:41,1
DA:45,1
DA:46,1
DA:50,1
DA:51,1
DA:52,4
DA:53,4
DA:54,4
DA:56,1
DA:60,1
DA:61,1
DA:62,1
DA:63,4
DA:64,4
DA:65,4
DA:67,1
DA:70,3
LF:35
LH:35
BRF:0
BRH:0
end_of_record
TN:
SF:calculate.js
FN:4,(anonymous_0)
FN:12,(anonymous_1)
FN:15,(anonymous_2)
FN:18,(anonymous_3)
FN:21,(anonymous_4)
FN:24,(anonymous_5)
FNF:6
FNH:6
FNDA:9,(anonymous_0)
FNDA:17,(anonymous_1)
FNDA:10,(anonymous_2)
FNDA:5,(anonymous_3)
FNDA:8,(anonymous_4)
FNDA:3,(anonymous_5)
DA:1,3
DA:5,9
DA:6,5
DA:9,4
DA:13,17
DA:16,10
DA:19,5
DA:22,8
DA:25,3
DA:28,3
LF:10
LH:10
BRDA:4,0,0,0
BRDA:4,1,0,5
BRDA:5,2,0,5
BRDA:5,2,1,4
BRF:4
BRH:3
end_of_record
TN:
SF:divide.js
FN:1,divide
FNF:1
FNH:1
FNDA:18,divide
DA:2,18
DA:4,4
LF:2
LH:2
BRF:0
BRH:0
end_of_record
TN:
SF:multiply.js
FN:1,multiply
FNF:1
FNH:1
FNDA:11,multiply
DA:2,11
DA:4,4
LF:2
LH:2
BRF:0
BRH:0
end_of_record
TN:
SF:root.js
FN:1,root
FNF:1
FNH:1
FNDA:9,root
DA:2,9
DA:4,4
LF:2
LH:2
BRF:0
BRH:0
end_of_record
TN:
SF:square.js
FN:1,square
FNF:1
FNH:1
FNDA:4,square
DA:2,4
DA:4,4
LF:2
LH:2
BRF:0
BRH:0
end_of_record
TN:
SF:subtract.js
FN:1,subtract
FNF:1
FNH:1
FNDA:6,subtract
DA:2,6
DA:4,4
LF:2
LH:2
BRF:0
BRH:0
end_of_record
TN:
SF:sum.js
FN:2,(anonymous_0)
FN:5,(anonymous_1)
FNF:2
FNH:2
FNDA:64,(anonymous_0)
FNDA:53,(anonymous_1)
DA:3,64
DA:4,64
DA:5,6
DA:6,53
DA:10,58
DA:12,64
DA:16,4
LF:7
LH:7
BRDA:2,0,0,0
BRDA:2,1,0,6
BRDA:4,2,0,6
BRDA:4,2,1,58
BRF:4
BRH:3
end_of_record
